<?xml version="1.0" encoding="UTF-8"?>
<!-- Generated by org.testng.reporters.JUnitReportReporter -->
<testsuite hostname="CAMBROSIAS7403" failures="0" tests="1" name="ezNotify.ActivateEventTest" time="49.027" errors="0" timestamp="2022-06-24T12:39:48 CDT" skipped="0">
  <testcase classname="ezNotify.ActivateEventTest" name="testcases_DirectorySearch_DetailViewSendPageTest" time="49.027"/>
  <system-out/>
</testsuite> <!-- ezNotify.ActivateEventTest -->
