<?xml version="1.0" encoding="UTF-8"?>
<!-- Generated by org.testng.reporters.JUnitReportReporter -->
<testsuite hostname="CAMBROSIAS7403" failures="0" tests="6" name="ezNotify.ActivateEventWithAdditionalOptionsTest" time="114.089" errors="0" timestamp="2022-07-18T14:33:24 CDT" skipped="0">
  <testcase classname="ezNotify.ActivateEventWithAdditionalOptionsTest" name="testcases_DirectorySearch_DetailViewSendPageTest" time="68.610"/>
  <system-out/>
  <testcase classname="ezNotify.ActivateEventWithAdditionalOptionsTest" name="testcases_DirectorySearch_DetailViewSendPageTest" time="0.216"/>
  <system-out/>
  <testcase classname="ezNotify.ActivateEventWithAdditionalOptionsTest" name="testcases_DirectorySearch_DetailViewSendPageTest" time="44.799"/>
  <system-out/>
  <testcase classname="ezNotify.ActivateEventWithAdditionalOptionsTest" name="testcases_DirectorySearch_DetailViewSendPageTest" time="0.108"/>
  <system-out/>
  <testcase classname="ezNotify.ActivateEventWithAdditionalOptionsTest" name="testcases_DirectorySearch_DetailViewSendPageTest" time="0.219"/>
  <system-out/>
  <testcase classname="ezNotify.ActivateEventWithAdditionalOptionsTest" name="testcases_DirectorySearch_DetailViewSendPageTest" time="0.137"/>
  <system-out/>
</testsuite> <!-- ezNotify.ActivateEventWithAdditionalOptionsTest -->
