<?xml version="1.0" encoding="UTF-8"?>
<!-- Generated by org.testng.reporters.JUnitReportReporter -->
<testsuite hostname="CAMBROSIAS7403" failures="0" tests="1" name="testcases.OnCall.AddInstructionsToGroupTest" time="59.417" errors="0" timestamp="2021-12-05T14:22:47 CST" skipped="0">
  <testcase classname="testcases.OnCall.AddInstructionsToGroupTest" name="oncallMoveSchedulerAssignmentTest" time="59.417"/>
  <system-out/>
</testsuite> <!-- testcases.OnCall.AddInstructionsToGroupTest -->
