<?xml version="1.0" encoding="UTF-8"?>
<!-- Generated by org.testng.reporters.JUnitReportReporter -->
<testsuite hostname="CAMBROSIAS7403" failures="0" tests="3" name="com.smartsuite.qa.testcases.PersonalProfile.SearchActiveMessagesTest" time="65.778" errors="0" timestamp="2021-12-03T14:52:55 CST" skipped="0">
  <testcase classname="com.smartsuite.qa.testcases.PersonalProfile.SearchActiveMessagesTest" name="personalProfileSearchArchivedMessagesTest" time="18.960"/>
  <system-out/>
  <testcase classname="com.smartsuite.qa.testcases.PersonalProfile.SearchActiveMessagesTest" name="personalProfileSearchArchivedMessagesTest" time="22.224"/>
  <system-out/>
  <testcase classname="com.smartsuite.qa.testcases.PersonalProfile.SearchActiveMessagesTest" name="personalProfileSearchArchivedMessagesTest" time="24.594"/>
  <system-out/>
</testsuite> <!-- com.smartsuite.qa.testcases.PersonalProfile.SearchActiveMessagesTest -->
