<?xml version="1.0" encoding="UTF-8"?>
<!-- Generated by org.testng.reporters.JUnitReportReporter -->
<testsuite hostname="CAMBROSIAS7403" failures="0" tests="7" name="com.smartsuite.qa.testcases.DirectorySearchTest" time="88.925" errors="0" timestamp="2021-12-03T12:26:48 CST" skipped="0">
  <testcase classname="com.smartsuite.qa.testcases.DirectorySearchTest" name="directorySearchTest" time="10.885"/>
  <system-out/>
  <testcase classname="com.smartsuite.qa.testcases.DirectorySearchTest" name="directorySearchTest" time="5.090"/>
  <system-out/>
  <testcase classname="com.smartsuite.qa.testcases.DirectorySearchTest" name="directorySearchTest" time="11.204"/>
  <system-out/>
  <testcase classname="com.smartsuite.qa.testcases.DirectorySearchTest" name="directorySearchTest" time="28.665"/>
  <system-out/>
  <testcase classname="com.smartsuite.qa.testcases.DirectorySearchTest" name="directorySearchTest" time="10.905"/>
  <system-out/>
  <testcase classname="com.smartsuite.qa.testcases.DirectorySearchTest" name="directorySearchTest" time="10.952"/>
  <system-out/>
  <testcase classname="com.smartsuite.qa.testcases.DirectorySearchTest" name="directorySearchTest" time="11.224"/>
  <system-out/>
</testsuite> <!-- com.smartsuite.qa.testcases.DirectorySearchTest -->
