<?xml version="1.0" encoding="UTF-8"?>
<!-- Generated by org.testng.reporters.JUnitReportReporter -->
<testsuite hostname="CAMBROSIAS7403" failures="0" tests="1" name="testcases.OnCall.SchedulerAssignment.SchedulerShowListTest" time="17.987" errors="0" timestamp="2021-12-05T16:48:11 CST" skipped="0">
  <testcase classname="testcases.OnCall.SchedulerAssignment.SchedulerShowListTest" name="oncallSchedulerShowListTest" time="17.987"/>
  <system-out/>
</testsuite> <!-- testcases.OnCall.SchedulerAssignment.SchedulerShowListTest -->
