<?xml version="1.0" encoding="UTF-8"?>
<!-- Generated by org.testng.reporters.JUnitReportReporter -->
<testsuite hostname="CAMBROSIAS7403" failures="0" tests="1" name="testcases.OnCall.Search.SearchTest" time="2.458" errors="0" timestamp="2021-12-09T11:52:45 CST" skipped="0">
  <testcase classname="testcases.OnCall.Search.SearchTest" name="testcases_OnCall_Search_SearchTest" time="2.458"/>
  <system-out/>
</testsuite> <!-- testcases.OnCall.Search.SearchTest -->
