<?xml version="1.0" encoding="UTF-8"?>
<!-- Generated by org.testng.reporters.JUnitReportReporter -->
<testsuite hostname="CAMBROSIAS7403" failures="0" tests="2" name="testcases.OnCall.CalenderAssignment.CalenderNavigationTest" time="22.596" errors="0" timestamp="2021-12-09T13:03:58 CST" skipped="0">
  <testcase classname="testcases.OnCall.CalenderAssignment.CalenderNavigationTest" name="testcases_OnCall_CalenderAssignment_CalenderNavigationTest" time="11.291"/>
  <system-out/>
  <testcase classname="testcases.OnCall.CalenderAssignment.CalenderNavigationTest" name="testcases_OnCall_CalenderAssignment_CalenderNavigationTest" time="11.305"/>
  <system-out/>
</testsuite> <!-- testcases.OnCall.CalenderAssignment.CalenderNavigationTest -->
