<?xml version="1.0" encoding="UTF-8"?>
<!-- Generated by org.testng.reporters.JUnitReportReporter -->
<testsuite hostname="CAMBROSIAS7403" failures="0" tests="2" name="com.smartsuite.qa.testcases.OnCall.BlockAssignmentCalenderNavigationTest" time="22.626" errors="0" timestamp="2021-12-03T17:12:19 CST" skipped="0">
  <testcase classname="com.smartsuite.qa.testcases.OnCall.BlockAssignmentCalenderNavigationTest" name="blockAssignmentCalenderNavigationTest" time="12.525"/>
  <system-out/>
  <testcase classname="com.smartsuite.qa.testcases.OnCall.BlockAssignmentCalenderNavigationTest" name="blockAssignmentCalenderNavigationTest" time="10.101"/>
  <system-out/>
</testsuite> <!-- com.smartsuite.qa.testcases.OnCall.BlockAssignmentCalenderNavigationTest -->
