<?xml version="1.0" encoding="UTF-8"?>
<!-- Generated by org.testng.reporters.JUnitReportReporter -->
<testsuite hostname="CAMBROSIAS7403" failures="0" tests="1" name="com.smartsuite.qa.testcases.OncallCreateModifyAndDeleteSchedulerAssignmentTest" time="49.438" errors="0" timestamp="2021-12-03T12:26:48 CST" skipped="0">
  <testcase classname="com.smartsuite.qa.testcases.OncallCreateModifyAndDeleteSchedulerAssignmentTest" name="oncallMoveSchedulerAssignmentTest" time="49.438"/>
  <system-out/>
</testsuite> <!-- com.smartsuite.qa.testcases.OncallCreateModifyAndDeleteSchedulerAssignmentTest -->
