<?xml version="1.0" encoding="UTF-8"?>
<!-- Generated by org.testng.reporters.JUnitReportReporter -->
<testsuite hostname="CAMBROSIAS7403" failures="0" tests="5" name="testcases.NavigateTreesTest" time="47.103" errors="0" timestamp="2021-12-05T19:41:57 CST" skipped="0">
  <testcase classname="testcases.NavigateTreesTest" name="navigateTreesTest" time="9.958"/>
  <system-out/>
  <testcase classname="testcases.NavigateTreesTest" name="navigateTreesTest" time="7.977"/>
  <system-out/>
  <testcase classname="testcases.NavigateTreesTest" name="navigateTreesTest" time="9.395"/>
  <system-out/>
  <testcase classname="testcases.NavigateTreesTest" name="navigateTreesTest" time="10.023"/>
  <system-out/>
  <testcase classname="testcases.NavigateTreesTest" name="navigateTreesTest" time="9.750"/>
  <system-out/>
</testsuite> <!-- testcases.NavigateTreesTest -->
