<?xml version="1.0" encoding="UTF-8"?>
<!-- Generated by org.testng.reporters.JUnitReportReporter -->
<testsuite hostname="CAMBROSIAS7403" failures="0" tests="1" name="testcases.PersonalProfile.QuickViewSettings.AddOncallGroupTest" time="41.088" errors="0" timestamp="2021-12-09T11:52:45 CST" skipped="0">
  <testcase classname="testcases.PersonalProfile.QuickViewSettings.AddOncallGroupTest" name="testcases_PersonalProfile_QuickViewSettings_AddOncallGroupTest" time="41.088"/>
  <system-out/>
</testsuite> <!-- testcases.PersonalProfile.QuickViewSettings.AddOncallGroupTest -->
