<?xml version="1.0" encoding="UTF-8"?>
<!-- Generated by org.testng.reporters.JUnitReportReporter -->
<testsuite hostname="CAMBROSIAS7403" failures="0" tests="2" name="com.smartsuite.qa.testcases.OncallMoveSchedulerAssignmentTest" time="94.629" errors="0" timestamp="2021-12-03T12:26:48 CST" skipped="0">
  <testcase classname="com.smartsuite.qa.testcases.OncallMoveSchedulerAssignmentTest" name="oncallMoveSchedulerAssignmentTest" time="47.293"/>
  <system-out/>
  <testcase classname="com.smartsuite.qa.testcases.OncallMoveSchedulerAssignmentTest" name="oncallMoveSchedulerAssignmentTest" time="47.336"/>
  <system-out/>
</testsuite> <!-- com.smartsuite.qa.testcases.OncallMoveSchedulerAssignmentTest -->
