<?xml version="1.0" encoding="UTF-8"?>
<!-- Generated by org.testng.reporters.JUnitReportReporter -->
<testsuite hostname="CAMBROSIAS7403" failures="0" tests="2" name="testcases.PersonalProfile.Profile.StatusUpdateTest" time="21.216" errors="0" timestamp="2021-12-09T11:52:45 CST" skipped="0">
  <testcase classname="testcases.PersonalProfile.Profile.StatusUpdateTest" name="testcases_PersonalProfile_Profile_StatusUpdateTest" time="10.724"/>
  <system-out/>
  <testcase classname="testcases.PersonalProfile.Profile.StatusUpdateTest" name="testcases_PersonalProfile_Profile_StatusUpdateTest" time="10.492"/>
  <system-out/>
</testsuite> <!-- testcases.PersonalProfile.Profile.StatusUpdateTest -->
