<?xml version="1.0" encoding="UTF-8"?>
<!-- Generated by org.testng.reporters.JUnitReportReporter -->
<testsuite hostname="CAMBROSIAS7403" failures="0" tests="1" name="com.smartsuite.qa.testcases.OnCall.BlockAssignmentNonMemberSearch" time="9.937" errors="0" timestamp="2021-12-03T13:06:49 CST" skipped="0">
  <testcase classname="com.smartsuite.qa.testcases.OnCall.BlockAssignmentNonMemberSearch" name="globalSearch" time="9.937"/>
  <system-out/>
</testsuite> <!-- com.smartsuite.qa.testcases.OnCall.BlockAssignmentNonMemberSearch -->
