<?xml version="1.0" encoding="UTF-8"?>
<!-- Generated by org.testng.reporters.JUnitReportReporter -->
<testsuite hostname="CAMBROSIAS7403" failures="0" tests="1" name="testcases.OnCall.SearchTest" time="99.598" errors="0" timestamp="2021-12-05T16:53:32 CST" skipped="0">
  <testcase classname="testcases.OnCall.SearchTest" name="globalSearch" time="99.598"/>
  <system-out/>
</testsuite> <!-- testcases.OnCall.SearchTest -->
