<?xml version="1.0" encoding="UTF-8"?>
<!-- Generated by org.testng.reporters.JUnitReportReporter -->
<testsuite hostname="CAMBROSIAS7403" failures="0" tests="2" name="com.smartsuite.qa.testcases.OnCall.CalenderAssignmentNavigationTest" time="26.479" errors="0" timestamp="2021-12-03T17:08:01 CST" skipped="0">
  <testcase classname="com.smartsuite.qa.testcases.OnCall.CalenderAssignmentNavigationTest" name="calenderAssignmentCalenderNavigationTest" time="12.126"/>
  <system-out/>
  <testcase classname="com.smartsuite.qa.testcases.OnCall.CalenderAssignmentNavigationTest" name="calenderAssignmentCalenderNavigationTest" time="14.353"/>
  <system-out/>
</testsuite> <!-- com.smartsuite.qa.testcases.OnCall.CalenderAssignmentNavigationTest -->
