<?xml version="1.0" encoding="UTF-8"?>
<!-- Generated by org.testng.reporters.JUnitReportReporter -->
<testsuite hostname="CAMBROSIAS7403" failures="0" tests="1" name="com.smartsuite.qa.testcases.OncallSearchTodayTabTest" time="42.327" errors="0" timestamp="2021-12-03T12:26:48 CST" skipped="0">
  <testcase classname="com.smartsuite.qa.testcases.OncallSearchTodayTabTest" name="oncallMoveSchedulerAssignmentTest" time="42.327"/>
  <system-out/>
</testsuite> <!-- com.smartsuite.qa.testcases.OncallSearchTodayTabTest -->
