<?xml version="1.0" encoding="UTF-8"?>
<!-- Generated by org.testng.reporters.JUnitReportReporter -->
<testsuite hostname="CAMBROSIAS7403" failures="0" tests="1" name="testcases.GlobalSearch.SendPageMessageTest" time="16.690" errors="0" timestamp="2021-12-09T13:03:58 CST" skipped="0">
  <testcase classname="testcases.GlobalSearch.SendPageMessageTest" name="testcases_GlobalSearch_SendPageMessageTest" time="16.690"/>
  <system-out/>
</testsuite> <!-- testcases.GlobalSearch.SendPageMessageTest -->
