<?xml version="1.0" encoding="UTF-8"?>
<!-- Generated by org.testng.reporters.JUnitReportReporter -->
<testsuite hostname="CAMBROSIAS7403" failures="0" tests="1" name="testcases.OnCall.HistorySearchTest" time="10.209" errors="0" timestamp="2021-12-05T16:57:45 CST" skipped="0">
  <testcase classname="testcases.OnCall.HistorySearchTest" name="globalSearch" time="10.209"/>
  <system-out/>
</testsuite> <!-- testcases.OnCall.HistorySearchTest -->
