<?xml version="1.0" encoding="UTF-8"?>
<!-- Generated by org.testng.reporters.JUnitReportReporter -->
<testsuite hostname="CAMBROSIAS7403" failures="0" tests="1" name="com.smartsuite.qa.testcases.OnCall.AddFutureExceptionTest" time="23.462" errors="0" timestamp="2021-12-03T14:27:02 CST" skipped="0">
  <testcase classname="com.smartsuite.qa.testcases.OnCall.AddFutureExceptionTest" name="addCurrentExceptionTest" time="23.462"/>
  <system-out/>
</testsuite> <!-- com.smartsuite.qa.testcases.OnCall.AddFutureExceptionTest -->
