<?xml version="1.0" encoding="UTF-8"?>
<!-- Generated by org.testng.reporters.JUnitReportReporter -->
<testsuite hostname="CAMBROSIAS7403" failures="0" tests="1" name="com.smartsuite.qa.testcases.OnCall.CreateModifyAndDeleteCalenderAssignmentTest" time="38.492" errors="0" timestamp="2021-12-03T13:11:56 CST" skipped="0">
  <testcase classname="com.smartsuite.qa.testcases.OnCall.CreateModifyAndDeleteCalenderAssignmentTest" name="globalSearch" time="38.492"/>
  <system-out/>
</testsuite> <!-- com.smartsuite.qa.testcases.OnCall.CreateModifyAndDeleteCalenderAssignmentTest -->
