<?xml version="1.0" encoding="UTF-8"?>
<!-- Generated by org.testng.reporters.JUnitReportReporter -->
<testsuite hostname="CAMBROSIAS7403" failures="0" tests="2" name="testcases.PersonalProfile.Profile.AddModifyDeleteInstructionsTest" time="37.288" errors="0" timestamp="2021-12-09T11:52:45 CST" skipped="0">
  <testcase classname="testcases.PersonalProfile.Profile.AddModifyDeleteInstructionsTest" name="testcases_PersonalProfile_Profile_AddModifyDeleteInstructionsTest" time="21.757"/>
  <system-out/>
  <testcase classname="testcases.PersonalProfile.Profile.AddModifyDeleteInstructionsTest" name="testcases_PersonalProfile_Profile_AddModifyDeleteInstructionsTest" time="15.531"/>
  <system-out/>
</testsuite> <!-- testcases.PersonalProfile.Profile.AddModifyDeleteInstructionsTest -->
