<?xml version="1.0" encoding="UTF-8"?>
<!-- Generated by org.testng.reporters.JUnitReportReporter -->
<testsuite hostname="CAMBROSIAS7403" failures="0" tests="5" name="com.smartsuite.qa.testcases.NavigateTreesTest" time="53.610" errors="0" timestamp="2021-12-03T12:26:48 CST" skipped="0">
  <testcase classname="com.smartsuite.qa.testcases.NavigateTreesTest" name="navigateTreesTest" time="12.135"/>
  <system-out/>
  <testcase classname="com.smartsuite.qa.testcases.NavigateTreesTest" name="navigateTreesTest" time="6.857"/>
  <system-out/>
  <testcase classname="com.smartsuite.qa.testcases.NavigateTreesTest" name="navigateTreesTest" time="11.481"/>
  <system-out/>
  <testcase classname="com.smartsuite.qa.testcases.NavigateTreesTest" name="navigateTreesTest" time="11.635"/>
  <system-out/>
  <testcase classname="com.smartsuite.qa.testcases.NavigateTreesTest" name="navigateTreesTest" time="11.502"/>
  <system-out/>
</testsuite> <!-- com.smartsuite.qa.testcases.NavigateTreesTest -->
