<?xml version="1.0" encoding="UTF-8"?>
<!-- Generated by org.testng.reporters.JUnitReportReporter -->
<testsuite hostname="CAMBROSIAS7403" failures="0" tests="1" name="com.smartsuite.qa.testcases.OncallCreateModifyAndDeleteCalenderAssignmentTest" time="38.025" errors="0" timestamp="2021-12-03T12:26:48 CST" skipped="0">
  <testcase classname="com.smartsuite.qa.testcases.OncallCreateModifyAndDeleteCalenderAssignmentTest" name="globalSearch" time="38.025"/>
  <system-out/>
</testsuite> <!-- com.smartsuite.qa.testcases.OncallCreateModifyAndDeleteCalenderAssignmentTest -->
