<?xml version="1.0" encoding="UTF-8"?>
<!-- Generated by org.testng.reporters.JUnitReportReporter -->
<testsuite hostname="CAMBROSIAS7403" failures="0" tests="1" name="com.smartsuite.qa.testcases.DeviceManagementAddModifyDeleteEmailTest" time="33.922" errors="0" timestamp="2021-12-05T11:43:24 CST" skipped="0">
  <testcase classname="com.smartsuite.qa.testcases.DeviceManagementAddModifyDeleteEmailTest" name="deviceManagementAddModifyDeleteEmailTest" time="33.922"/>
  <system-out/>
</testsuite> <!-- com.smartsuite.qa.testcases.DeviceManagementAddModifyDeleteEmailTest -->
