<?xml version="1.0" encoding="UTF-8"?>
<!-- Generated by org.testng.reporters.JUnitReportReporter -->
<testsuite hostname="CAMBROSIAS7403" failures="0" tests="1" name="com.smartsuite.qa.testcases.GlobalSearch.SendPageMessageTest" time="17.288" errors="0" timestamp="2021-12-03T16:49:32 CST" skipped="0">
  <testcase classname="com.smartsuite.qa.testcases.GlobalSearch.SendPageMessageTest" name="messageInboxTest" time="17.288"/>
  <system-out/>
</testsuite> <!-- com.smartsuite.qa.testcases.GlobalSearch.SendPageMessageTest -->
