<?xml version="1.0" encoding="UTF-8"?>
<!-- Generated by org.testng.reporters.JUnitReportReporter -->
<testsuite hostname="CAMBROSIAS7403" failures="0" tests="1" name="ezNotify.A05CancelAdvancedOptionsTest2" time="107.686" errors="0" timestamp="2022-11-05T23:00:34 CDT" skipped="0">
  <testcase classname="ezNotify.A05CancelAdvancedOptionsTest2" name="testcases_ezNotify_CancelAdvancedOptionsTest" time="107.686"/>
  <system-out/>
</testsuite> <!-- ezNotify.A05CancelAdvancedOptionsTest2 -->
