<?xml version="1.0" encoding="UTF-8"?>
<!-- Generated by org.testng.reporters.JUnitReportReporter -->
<testsuite hostname="CAMBROSIAS7403" failures="0" tests="1" name="ezNotify.ReviewRecipientTest" time="13.262" errors="0" timestamp="2022-04-21T13:28:03 CDT" skipped="0">
  <testcase classname="ezNotify.ReviewRecipientTest" name="testcases_ezNotify_ReviewRecipientsTest" time="13.262"/>
  <system-out/>
</testsuite> <!-- ezNotify.ReviewRecipientTest -->
