<?xml version="1.0" encoding="UTF-8"?>
<!-- Generated by org.testng.reporters.JUnitReportReporter -->
<testsuite hostname="CAMBROSIAS7403" failures="0" tests="2" name="testcases.PagingTab.SendPageTest" time="54.730" errors="0" timestamp="2021-12-09T11:52:45 CST" skipped="0">
  <testcase classname="testcases.PagingTab.SendPageTest" name="testcases_PagingTab_SendPageTest" time="27.309"/>
  <system-out/>
  <testcase classname="testcases.PagingTab.SendPageTest" name="testcases_PagingTab_SendPageTest" time="27.421"/>
  <system-out/>
</testsuite> <!-- testcases.PagingTab.SendPageTest -->
