<?xml version="1.0" encoding="UTF-8"?>
<!-- Generated by org.testng.reporters.JUnitReportReporter -->
<testsuite hostname="CAMBROSIAS7403" failures="0" tests="2" name="testcases.PersonalProfile.StatusUpdateTest" time="21.759" errors="0" timestamp="2021-12-05T13:18:02 CST" skipped="0">
  <testcase classname="testcases.PersonalProfile.StatusUpdateTest" name="personalProfilePageLogSearchTest" time="11.494"/>
  <system-out/>
  <testcase classname="testcases.PersonalProfile.StatusUpdateTest" name="personalProfilePageLogSearchTest" time="10.265"/>
  <system-out/>
</testsuite> <!-- testcases.PersonalProfile.StatusUpdateTest -->
