<?xml version="1.0" encoding="UTF-8"?>
<!-- Generated by org.testng.reporters.JUnitReportReporter -->
<testsuite hostname="CAMBROSIAS7403" failures="0" tests="1" name="testcases.OnCall.SchedulerAssignment.SchedulerShowShiftsTest" time="12.454" errors="0" timestamp="2021-12-05T16:49:27 CST" skipped="0">
  <testcase classname="testcases.OnCall.SchedulerAssignment.SchedulerShowShiftsTest" name="globalSearch" time="12.454"/>
  <system-out/>
</testsuite> <!-- testcases.OnCall.SchedulerAssignment.SchedulerShowShiftsTest -->
