<?xml version="1.0" encoding="UTF-8"?>
<!-- Generated by org.testng.reporters.JUnitReportReporter -->
<testsuite hostname="CAMBROSIAS7403" failures="0" tests="12" name="com.smartsuite.qa.testcases.GlobalSearchTest" time="68.608" errors="0" timestamp="2021-12-03T12:26:48 CST" skipped="0">
  <testcase classname="com.smartsuite.qa.testcases.GlobalSearchTest" name="globalSearchTest" time="15.758"/>
  <system-out/>
  <testcase classname="com.smartsuite.qa.testcases.GlobalSearchTest" name="globalSearchTest" time="2.844"/>
  <system-out/>
  <testcase classname="com.smartsuite.qa.testcases.GlobalSearchTest" name="globalSearchTest" time="2.855"/>
  <system-out/>
  <testcase classname="com.smartsuite.qa.testcases.GlobalSearchTest" name="globalSearchTest" time="2.739"/>
  <system-out/>
  <testcase classname="com.smartsuite.qa.testcases.GlobalSearchTest" name="globalSearchTest" time="20.386"/>
  <system-out/>
  <testcase classname="com.smartsuite.qa.testcases.GlobalSearchTest" name="globalSearchTest" time="5.153"/>
  <system-out/>
  <testcase classname="com.smartsuite.qa.testcases.GlobalSearchTest" name="globalSearchTest" time="2.747"/>
  <system-out/>
  <testcase classname="com.smartsuite.qa.testcases.GlobalSearchTest" name="globalSearchTest" time="2.815"/>
  <system-out/>
  <testcase classname="com.smartsuite.qa.testcases.GlobalSearchTest" name="globalSearchTest" time="5.126"/>
  <system-out/>
  <testcase classname="com.smartsuite.qa.testcases.GlobalSearchTest" name="globalSearchTest" time="2.739"/>
  <system-out/>
  <testcase classname="com.smartsuite.qa.testcases.GlobalSearchTest" name="globalSearchTest" time="2.721"/>
  <system-out/>
  <testcase classname="com.smartsuite.qa.testcases.GlobalSearchTest" name="globalSearchTest" time="2.725"/>
  <system-out/>
</testsuite> <!-- com.smartsuite.qa.testcases.GlobalSearchTest -->
