<?xml version="1.0" encoding="UTF-8"?>
<!-- Generated by org.testng.reporters.JUnitReportReporter -->
<testsuite hostname="CAMBROSIAS7403" failures="0" tests="1" name="com.smartsuite.qa.testcases.PatientInfo.SearchTest" time="7.084" errors="0" timestamp="2021-12-05T10:57:19 CST" skipped="0">
  <testcase classname="com.smartsuite.qa.testcases.PatientInfo.SearchTest" name="globalSearch" time="7.084"/>
  <system-out/>
</testsuite> <!-- com.smartsuite.qa.testcases.PatientInfo.SearchTest -->
