<?xml version="1.0" encoding="UTF-8"?>
<!-- Generated by org.testng.reporters.JUnitReportReporter -->
<testsuite hostname="CAMBROSIAS7403" failures="0" tests="12" name="testcases.GlobalSearch.SearchTest" time="63.293" errors="0" timestamp="2021-12-09T13:03:58 CST" skipped="0">
  <testcase classname="testcases.GlobalSearch.SearchTest" name="testcases_GlobalSearch_SearchTest" time="2.153"/>
  <system-out/>
  <testcase classname="testcases.GlobalSearch.SearchTest" name="testcases_GlobalSearch_SearchTest" time="2.452"/>
  <system-out/>
  <testcase classname="testcases.GlobalSearch.SearchTest" name="testcases_GlobalSearch_SearchTest" time="2.238"/>
  <system-out/>
  <testcase classname="testcases.GlobalSearch.SearchTest" name="testcases_GlobalSearch_SearchTest" time="2.134"/>
  <system-out/>
  <testcase classname="testcases.GlobalSearch.SearchTest" name="testcases_GlobalSearch_SearchTest" time="2.491"/>
  <system-out/>
  <testcase classname="testcases.GlobalSearch.SearchTest" name="testcases_GlobalSearch_SearchTest" time="2.191"/>
  <system-out/>
  <testcase classname="testcases.GlobalSearch.SearchTest" name="testcases_GlobalSearch_SearchTest" time="2.469"/>
  <system-out/>
  <testcase classname="testcases.GlobalSearch.SearchTest" name="testcases_GlobalSearch_SearchTest" time="20.070"/>
  <system-out/>
  <testcase classname="testcases.GlobalSearch.SearchTest" name="testcases_GlobalSearch_SearchTest" time="2.220"/>
  <system-out/>
  <testcase classname="testcases.GlobalSearch.SearchTest" name="testcases_GlobalSearch_SearchTest" time="4.943"/>
  <system-out/>
  <testcase classname="testcases.GlobalSearch.SearchTest" name="testcases_GlobalSearch_SearchTest" time="15.306"/>
  <system-out/>
  <testcase classname="testcases.GlobalSearch.SearchTest" name="testcases_GlobalSearch_SearchTest" time="4.626"/>
  <system-out/>
</testsuite> <!-- testcases.GlobalSearch.SearchTest -->
