<?xml version="1.0" encoding="UTF-8"?>
<!-- Generated by org.testng.reporters.JUnitReportReporter -->
<testsuite hostname="CAMBROSIAS7403" failures="0" tests="3" name="testcases.PersonalProfile.Inbox.SearchArchivedMessagesTest" time="52.208" errors="0" timestamp="2021-12-09T11:52:45 CST" skipped="0">
  <testcase classname="testcases.PersonalProfile.Inbox.SearchArchivedMessagesTest" name="testcases_PersonalProfile_Inbox_SearchArchivedMessagesTest" time="15.765"/>
  <system-out/>
  <testcase classname="testcases.PersonalProfile.Inbox.SearchArchivedMessagesTest" name="testcases_PersonalProfile_Inbox_SearchArchivedMessagesTest" time="20.695"/>
  <system-out/>
  <testcase classname="testcases.PersonalProfile.Inbox.SearchArchivedMessagesTest" name="testcases_PersonalProfile_Inbox_SearchArchivedMessagesTest" time="15.748"/>
  <system-out/>
</testsuite> <!-- testcases.PersonalProfile.Inbox.SearchArchivedMessagesTest -->
