<?xml version="1.0" encoding="UTF-8"?>
<!-- Generated by org.testng.reporters.JUnitReportReporter -->
<testsuite hostname="CAMBROSIAS7403" failures="0" tests="1" name="testcases.DirectorySearch.DetailViewSendPageTest" time="23.204" errors="0" timestamp="2021-12-09T13:03:58 CST" skipped="0">
  <testcase classname="testcases.DirectorySearch.DetailViewSendPageTest" name="testcases_DirectorySearch_DetailViewSendPageTest" time="23.204"/>
  <system-out/>
</testsuite> <!-- testcases.DirectorySearch.DetailViewSendPageTest -->
