<?xml version="1.0" encoding="UTF-8"?>
<!-- Generated by org.testng.reporters.JUnitReportReporter -->
<testsuite hostname="CAMBROSIAS7403" failures="0" tests="7" name="directorySearch.encryptDecrypt" time="0.534" errors="0" timestamp="2022-01-21T10:32:09 CST" skipped="0">
  <testcase classname="directorySearch.encryptDecrypt" name="main" time="0.074"/>
  <system-out/>
  <testcase classname="directorySearch.encryptDecrypt" name="main" time="0.070"/>
  <system-out/>
  <testcase classname="directorySearch.encryptDecrypt" name="main" time="0.067"/>
  <system-out/>
  <testcase classname="directorySearch.encryptDecrypt" name="main" time="0.044"/>
  <system-out/>
  <testcase classname="directorySearch.encryptDecrypt" name="main" time="0.065"/>
  <system-out/>
  <testcase classname="directorySearch.encryptDecrypt" name="main" time="0.166"/>
  <system-out/>
  <testcase classname="directorySearch.encryptDecrypt" name="main" time="0.048"/>
  <system-out/>
</testsuite> <!-- directorySearch.encryptDecrypt -->
