<?xml version="1.0" encoding="UTF-8"?>
<!-- Generated by org.testng.reporters.JUnitReportReporter -->
<testsuite hostname="CAMBROSIAS7403" failures="0" tests="2" name="testcases.PersonalProfile.PageLogSearchTest" time="26.985" errors="0" timestamp="2021-12-05T13:00:33 CST" skipped="0">
  <testcase classname="testcases.PersonalProfile.PageLogSearchTest" name="personalProfilePageLogSearchTest" time="14.163"/>
  <system-out/>
  <testcase classname="testcases.PersonalProfile.PageLogSearchTest" name="personalProfilePageLogSearchTest" time="12.822"/>
  <system-out/>
</testsuite> <!-- testcases.PersonalProfile.PageLogSearchTest -->
