<?xml version="1.0" encoding="UTF-8"?>
<!-- Generated by org.testng.reporters.JUnitReportReporter -->
<testsuite hostname="CAMBROSIAS7403" failures="0" tests="2" name="com.smartsuite.qa.testcases.OncallCreateModifyAndDeleteBlockAssignmentTest" time="62.662" errors="0" timestamp="2021-12-03T12:26:48 CST" skipped="1">
  <testcase classname="com.smartsuite.qa.testcases.OncallCreateModifyAndDeleteBlockAssignmentTest" name="globalSearch" time="31.102"/>
  <system-out/>
  <testcase classname="com.smartsuite.qa.testcases.OncallCreateModifyAndDeleteBlockAssignmentTest" name="globalSearch" time="31.560">
    <skipped/>
  </testcase> <!-- globalSearch -->
  <system-out/>
</testsuite> <!-- com.smartsuite.qa.testcases.OncallCreateModifyAndDeleteBlockAssignmentTest -->
