<?xml version="1.0" encoding="UTF-8"?>
<!-- Generated by org.testng.reporters.JUnitReportReporter -->
<testsuite hostname="CAMBROSIAS7403" failures="0" tests="1" name="ezNotify.EncryptPasswords" time="0.090" errors="0" timestamp="2022-11-29T11:34:28 CST" skipped="0">
  <testcase classname="ezNotify.EncryptPasswords" name="testcases_generalSmartSuite_LoginTest" time="0.090"/>
  <system-out/>
</testsuite> <!-- ezNotify.EncryptPasswords -->
