<?xml version="1.0" encoding="UTF-8"?>
<!-- Generated by org.testng.reporters.JUnitReportReporter -->
<testsuite hostname="CAMBROSIAS7403" failures="0" tests="2" name="testcases.OnCall.MoveSchedulerAssignmentTest" time="95.565" errors="0" timestamp="2021-12-05T16:43:05 CST" skipped="0">
  <testcase classname="testcases.OnCall.MoveSchedulerAssignmentTest" name="oncallMoveSchedulerAssignmentTest" time="47.935"/>
  <system-out/>
  <testcase classname="testcases.OnCall.MoveSchedulerAssignmentTest" name="oncallMoveSchedulerAssignmentTest" time="47.630"/>
  <system-out/>
</testsuite> <!-- testcases.OnCall.MoveSchedulerAssignmentTest -->
