<?xml version="1.0" encoding="UTF-8"?>
<!-- Generated by org.testng.reporters.JUnitReportReporter -->
<testsuite hostname="CAMBROSIAS7403" failures="0" tests="7" name="testcases.DirectorySearch.SearchTest" time="74.550" errors="0" timestamp="2021-12-09T13:03:58 CST" skipped="0">
  <testcase classname="testcases.DirectorySearch.SearchTest" name="testcases_DirectorySearch_SearchTest" time="8.856"/>
  <system-out/>
  <testcase classname="testcases.DirectorySearch.SearchTest" name="testcases_DirectorySearch_SearchTest" time="8.811"/>
  <system-out/>
  <testcase classname="testcases.DirectorySearch.SearchTest" name="testcases_DirectorySearch_SearchTest" time="9.101"/>
  <system-out/>
  <testcase classname="testcases.DirectorySearch.SearchTest" name="testcases_DirectorySearch_SearchTest" time="8.759"/>
  <system-out/>
  <testcase classname="testcases.DirectorySearch.SearchTest" name="testcases_DirectorySearch_SearchTest" time="3.336"/>
  <system-out/>
  <testcase classname="testcases.DirectorySearch.SearchTest" name="testcases_DirectorySearch_SearchTest" time="9.166"/>
  <system-out/>
  <testcase classname="testcases.DirectorySearch.SearchTest" name="testcases_DirectorySearch_SearchTest" time="26.521"/>
  <system-out/>
</testsuite> <!-- testcases.DirectorySearch.SearchTest -->
