<?xml version="1.0" encoding="UTF-8"?>
<!-- Generated by org.testng.reporters.JUnitReportReporter -->
<testsuite hostname="CAMBROSIAS7403" failures="0" tests="3" name="com.smartsuite.qa.testcases.PersonalProfileSearchActiveMessagesTest" time="67.893" errors="0" timestamp="2021-12-03T12:26:48 CST" skipped="0">
  <testcase classname="com.smartsuite.qa.testcases.PersonalProfileSearchActiveMessagesTest" name="personalProfileSearchArchivedMessagesTest" time="24.651"/>
  <system-out/>
  <testcase classname="com.smartsuite.qa.testcases.PersonalProfileSearchActiveMessagesTest" name="personalProfileSearchArchivedMessagesTest" time="19.316"/>
  <system-out/>
  <testcase classname="com.smartsuite.qa.testcases.PersonalProfileSearchActiveMessagesTest" name="personalProfileSearchArchivedMessagesTest" time="23.926"/>
  <system-out/>
</testsuite> <!-- com.smartsuite.qa.testcases.PersonalProfileSearchActiveMessagesTest -->
