<?xml version="1.0" encoding="UTF-8"?>
<!-- Generated by org.testng.reporters.JUnitReportReporter -->
<testsuite hostname="CAMBROSIAS7403" failures="0" tests="2" name="testcases.OnCall.BlockAssignmentCalenderNavigationTest" time="24.172" errors="0" timestamp="2021-12-05T16:08:44 CST" skipped="0">
  <testcase classname="testcases.OnCall.BlockAssignmentCalenderNavigationTest" name="blockAssignmentCalenderNavigationTest" time="13.649"/>
  <system-out/>
  <testcase classname="testcases.OnCall.BlockAssignmentCalenderNavigationTest" name="blockAssignmentCalenderNavigationTest" time="10.523"/>
  <system-out/>
</testsuite> <!-- testcases.OnCall.BlockAssignmentCalenderNavigationTest -->
