<?xml version="1.0" encoding="UTF-8"?>
<!-- Generated by org.testng.reporters.JUnitReportReporter -->
<testsuite hostname="CAMBROSIAS7403" failures="0" tests="1" name="directorySearch.encryptDecrypt3" time="0.013" errors="0" timestamp="2022-01-21T15:58:03 CST" skipped="0">
  <testcase classname="directorySearch.encryptDecrypt3" name="main" time="0.013"/>
  <system-out/>
</testsuite> <!-- directorySearch.encryptDecrypt3 -->
