<?xml version="1.0" encoding="UTF-8"?>
<!-- Generated by org.testng.reporters.JUnitReportReporter -->
<testsuite hostname="CAMBROSIAS7403" failures="0" tests="2" name="testcases.PersonalProfile.PictureUpload.PictureUploadTest" time="22.901" errors="0" timestamp="2021-12-09T11:52:45 CST" skipped="0">
  <testcase classname="testcases.PersonalProfile.PictureUpload.PictureUploadTest" name="testcases_PersonalProfile_PictureUpload_PictureUploadTest" time="11.769"/>
  <system-out/>
  <testcase classname="testcases.PersonalProfile.PictureUpload.PictureUploadTest" name="testcases_PersonalProfile_PictureUpload_PictureUploadTest" time="11.132"/>
  <system-out/>
</testsuite> <!-- testcases.PersonalProfile.PictureUpload.PictureUploadTest -->
