<?xml version="1.0" encoding="UTF-8"?>
<!-- Generated by org.testng.reporters.JUnitReportReporter -->
<testsuite hostname="CAMBROSIAS7403" failures="0" tests="2" name="com.smartsuite.qa.testcases.PersonalProfile.StatusUpdateTest" time="20.419" errors="0" timestamp="2021-12-03T15:20:46 CST" skipped="0">
  <testcase classname="com.smartsuite.qa.testcases.PersonalProfile.StatusUpdateTest" name="personalProfilePageLogSearchTest" time="10.940"/>
  <system-out/>
  <testcase classname="com.smartsuite.qa.testcases.PersonalProfile.StatusUpdateTest" name="personalProfilePageLogSearchTest" time="9.479"/>
  <system-out/>
</testsuite> <!-- com.smartsuite.qa.testcases.PersonalProfile.StatusUpdateTest -->
