<?xml version="1.0" encoding="UTF-8"?>
<!-- Generated by org.testng.reporters.JUnitReportReporter -->
<testsuite hostname="CAMBROSIAS7403" failures="0" tests="2" name="com.smartsuite.qa.testcases.Paging.SendPageTest" time="54.182" errors="0" timestamp="2021-12-03T15:31:45 CST" skipped="0">
  <testcase classname="com.smartsuite.qa.testcases.Paging.SendPageTest" name="pagingTabSendPageTest" time="26.658"/>
  <system-out/>
  <testcase classname="com.smartsuite.qa.testcases.Paging.SendPageTest" name="pagingTabSendPageTest" time="27.524"/>
  <system-out/>
</testsuite> <!-- com.smartsuite.qa.testcases.Paging.SendPageTest -->
