<?xml version="1.0" encoding="UTF-8"?>
<!-- Generated by org.testng.reporters.JUnitReportReporter -->
<testsuite hostname="CAMBROSIAS7403" failures="0" tests="1" name="ezNotify.ReviewGroupsTest" time="30.717" errors="0" timestamp="2022-07-20T13:47:39 CDT" skipped="0">
  <testcase classname="ezNotify.ReviewGroupsTest" name="testcases_ezNotify_ReviewRecipientsTest" time="30.717"/>
  <system-out/>
</testsuite> <!-- ezNotify.ReviewGroupsTest -->
