<?xml version="1.0" encoding="UTF-8"?>
<!-- Generated by org.testng.reporters.JUnitReportReporter -->
<testsuite hostname="CAMBROSIAS7403" failures="0" tests="3" name="testcases.OnCall.AddCurrentExceptionTest" time="74.197" errors="0" timestamp="2021-12-05T14:20:35 CST" skipped="0">
  <testcase classname="testcases.OnCall.AddCurrentExceptionTest" name="addCurrentExceptionTest" time="25.163"/>
  <system-out/>
  <testcase classname="testcases.OnCall.AddCurrentExceptionTest" name="addCurrentExceptionTest" time="24.760"/>
  <system-out/>
  <testcase classname="testcases.OnCall.AddCurrentExceptionTest" name="addCurrentExceptionTest" time="24.274"/>
  <system-out/>
</testsuite> <!-- testcases.OnCall.AddCurrentExceptionTest -->
