<?xml version="1.0" encoding="UTF-8"?>
<!-- Generated by org.testng.reporters.JUnitReportReporter -->
<testsuite hostname="CAMBROSIAS7403" failures="0" tests="1" name="com.smartsuite.qa.testcases.OncallHistorySearchTest" time="10.431" errors="0" timestamp="2021-12-03T12:26:48 CST" skipped="0">
  <testcase classname="com.smartsuite.qa.testcases.OncallHistorySearchTest" name="globalSearch" time="10.431"/>
  <system-out/>
</testsuite> <!-- com.smartsuite.qa.testcases.OncallHistorySearchTest -->
