<?xml version="1.0" encoding="UTF-8"?>
<!-- Generated by org.testng.reporters.JUnitReportReporter -->
<testsuite hostname="CAMBROSIAS7403" failures="0" tests="2" name="testcases.OnCall.SchedulerAssignment.MoveAssignmentTest" time="90.260" errors="0" timestamp="2021-12-09T11:52:45 CST" skipped="0">
  <testcase classname="testcases.OnCall.SchedulerAssignment.MoveAssignmentTest" name="testcases_OnCall_SchedulerAssignment_MoveAssignmentTest" time="45.080"/>
  <system-out/>
  <testcase classname="testcases.OnCall.SchedulerAssignment.MoveAssignmentTest" name="testcases_OnCall_SchedulerAssignment_MoveAssignmentTest" time="45.180"/>
  <system-out/>
</testsuite> <!-- testcases.OnCall.SchedulerAssignment.MoveAssignmentTest -->
