<?xml version="1.0" encoding="UTF-8"?>
<!-- Generated by org.testng.reporters.JUnitReportReporter -->
<testsuite hostname="CAMBROSIAS7403" failures="0" tests="1" name="testcases.OnCall.SchedulerAssignment.ShowShiftsTest" time="12.510" errors="0" timestamp="2021-12-09T11:52:45 CST" skipped="0">
  <testcase classname="testcases.OnCall.SchedulerAssignment.ShowShiftsTest" name="testcases_OnCall_SchedulerAssignment_ShowShiftsTest" time="12.510"/>
  <system-out/>
</testsuite> <!-- testcases.OnCall.SchedulerAssignment.ShowShiftsTest -->
