<?xml version="1.0" encoding="UTF-8"?>
<!-- Generated by org.testng.reporters.JUnitReportReporter -->
<testsuite hostname="CAMBROSIAS7403" failures="0" tests="1" name="testcases.DirectorySearch.NavigateSearchResultsTest" time="3.329" errors="0" timestamp="2021-12-09T13:03:58 CST" skipped="0">
  <testcase classname="testcases.DirectorySearch.NavigateSearchResultsTest" name="testcases_DirectorySearch_NavigateSearchResultsTests" time="3.329"/>
  <system-out/>
</testsuite> <!-- testcases.DirectorySearch.NavigateSearchResultsTest -->
