<?xml version="1.0" encoding="UTF-8"?>
<!-- Generated by org.testng.reporters.JUnitReportReporter -->
<testsuite hostname="CAMBROSIAS7403" failures="0" tests="2" name="com.smartsuite.qa.testcases.PersonalProfile.AddModifyDeleteInstructionsTest" time="38.106" errors="0" timestamp="2021-12-03T14:34:39 CST" skipped="0">
  <testcase classname="com.smartsuite.qa.testcases.PersonalProfile.AddModifyDeleteInstructionsTest" name="personalProfilePageLogSearchTest" time="15.755"/>
  <system-out/>
  <testcase classname="com.smartsuite.qa.testcases.PersonalProfile.AddModifyDeleteInstructionsTest" name="personalProfilePageLogSearchTest" time="22.351"/>
  <system-out/>
</testsuite> <!-- com.smartsuite.qa.testcases.PersonalProfile.AddModifyDeleteInstructionsTest -->
