<?xml version="1.0" encoding="UTF-8"?>
<!-- Generated by org.testng.reporters.JUnitReportReporter -->
<testsuite hostname="CAMBROSIAS7403" failures="0" tests="2" name="com.smartsuite.qa.testcases.OnCall.MoveSchedulerAssignmentTest" time="93.166" errors="0" timestamp="2021-12-03T14:10:41 CST" skipped="0">
  <testcase classname="com.smartsuite.qa.testcases.OnCall.MoveSchedulerAssignmentTest" name="oncallMoveSchedulerAssignmentTest" time="47.239"/>
  <system-out/>
  <testcase classname="com.smartsuite.qa.testcases.OnCall.MoveSchedulerAssignmentTest" name="oncallMoveSchedulerAssignmentTest" time="45.927"/>
  <system-out/>
</testsuite> <!-- com.smartsuite.qa.testcases.OnCall.MoveSchedulerAssignmentTest -->
