<?xml version="1.0" encoding="UTF-8"?>
<!-- Generated by org.testng.reporters.JUnitReportReporter -->
<testsuite hostname="CAMBROSIAS7403" failures="0" tests="2" name="com.smartsuite.qa.testcases.CalenderAssignmentCalenderNavigationTest" time="26.576" errors="0" timestamp="2021-12-03T16:52:49 CST" skipped="0">
  <testcase classname="com.smartsuite.qa.testcases.CalenderAssignmentCalenderNavigationTest" name="calenderAssignmentCalenderNavigationTest" time="12.069"/>
  <system-out/>
  <testcase classname="com.smartsuite.qa.testcases.CalenderAssignmentCalenderNavigationTest" name="calenderAssignmentCalenderNavigationTest" time="14.507"/>
  <system-out/>
</testsuite> <!-- com.smartsuite.qa.testcases.CalenderAssignmentCalenderNavigationTest -->
