<?xml version="1.0" encoding="UTF-8"?>
<!-- Generated by org.testng.reporters.JUnitReportReporter -->
<testsuite hostname="CAMBROSIAS7403" failures="0" tests="1" name="testcases.OnCall.History.SearchTest" time="10.155" errors="0" timestamp="2021-12-09T13:03:58 CST" skipped="0">
  <testcase classname="testcases.OnCall.History.SearchTest" name="testcases_OnCall_History_SearchTest" time="10.155"/>
  <system-out/>
</testsuite> <!-- testcases.OnCall.History.SearchTest -->
