<?xml version="1.0" encoding="UTF-8"?>
<!-- Generated by org.testng.reporters.JUnitReportReporter -->
<testsuite hostname="CAMBROSIAS7403" failures="0" tests="9" name="ezNotify.CreateEZNotifyEventTest" time="388.528" errors="0" timestamp="2022-07-20T13:47:39 CDT" skipped="0">
  <testcase classname="ezNotify.CreateEZNotifyEventTest" name="testcases_DirectorySearch_DetailViewSendPageTest" time="40.289"/>
  <system-out/>
  <testcase classname="ezNotify.CreateEZNotifyEventTest" name="testcases_DirectorySearch_DetailViewSendPageTest" time="45.551"/>
  <system-out/>
  <testcase classname="ezNotify.CreateEZNotifyEventTest" name="testcases_DirectorySearch_DetailViewSendPageTest" time="36.889"/>
  <system-out/>
  <testcase classname="ezNotify.CreateEZNotifyEventTest" name="testcases_DirectorySearch_DetailViewSendPageTest" time="45.528"/>
  <system-out/>
  <testcase classname="ezNotify.CreateEZNotifyEventTest" name="testcases_DirectorySearch_DetailViewSendPageTest" time="0.108"/>
  <system-out/>
  <testcase classname="ezNotify.CreateEZNotifyEventTest" name="testcases_DirectorySearch_DetailViewSendPageTest" time="45.722"/>
  <system-out/>
  <testcase classname="ezNotify.CreateEZNotifyEventTest" name="testcases_DirectorySearch_DetailViewSendPageTest" time="40.286"/>
  <system-out/>
  <testcase classname="ezNotify.CreateEZNotifyEventTest" name="testcases_DirectorySearch_DetailViewSendPageTest" time="35.541"/>
  <system-out/>
  <testcase classname="ezNotify.CreateEZNotifyEventTest" name="testcases_DirectorySearch_DetailViewSendPageTest" time="98.614"/>
  <system-out/>
</testsuite> <!-- ezNotify.CreateEZNotifyEventTest -->
