<?xml version="1.0" encoding="UTF-8"?>
<!-- Generated by org.testng.reporters.JUnitReportReporter -->
<testsuite hostname="CAMBROSIAS7403" failures="0" tests="2" name="com.smartsuite.qa.testcases.BlockAssignmentCalenderNavigationTest" time="24.484" errors="0" timestamp="2021-12-03T12:26:48 CST" skipped="0">
  <testcase classname="com.smartsuite.qa.testcases.BlockAssignmentCalenderNavigationTest" name="blockAssignmentCalenderNavigationTest" time="12.132"/>
  <system-out/>
  <testcase classname="com.smartsuite.qa.testcases.BlockAssignmentCalenderNavigationTest" name="blockAssignmentCalenderNavigationTest" time="12.352"/>
  <system-out/>
</testsuite> <!-- com.smartsuite.qa.testcases.BlockAssignmentCalenderNavigationTest -->
