<?xml version="1.0" encoding="UTF-8"?>
<!-- Generated by org.testng.reporters.JUnitReportReporter -->
<testsuite hostname="CAMBROSIAS7403" failures="0" tests="1" name="testcases.OnCall.BlockAssignmentNonMemberSearch" time="10.264" errors="0" timestamp="2021-12-05T16:11:40 CST" skipped="0">
  <testcase classname="testcases.OnCall.BlockAssignmentNonMemberSearch" name="globalSearch" time="10.264"/>
  <system-out/>
</testsuite> <!-- testcases.OnCall.BlockAssignmentNonMemberSearch -->
