<?xml version="1.0" encoding="UTF-8"?>
<!-- Generated by org.testng.reporters.JUnitReportReporter -->
<testsuite hostname="CAMBROSIAS7403" failures="0" tests="5" name="testcases.OnCall.NavigateTreesTest" time="46.995" errors="0" timestamp="2021-12-09T13:03:58 CST" skipped="0">
  <testcase classname="testcases.OnCall.NavigateTreesTest" name="testcases_OnCall_NavigateTreesTest" time="9.260"/>
  <system-out/>
  <testcase classname="testcases.OnCall.NavigateTreesTest" name="testcases_OnCall_NavigateTreesTest" time="9.597"/>
  <system-out/>
  <testcase classname="testcases.OnCall.NavigateTreesTest" name="testcases_OnCall_NavigateTreesTest" time="9.520"/>
  <system-out/>
  <testcase classname="testcases.OnCall.NavigateTreesTest" name="testcases_OnCall_NavigateTreesTest" time="9.217"/>
  <system-out/>
  <testcase classname="testcases.OnCall.NavigateTreesTest" name="testcases_OnCall_NavigateTreesTest" time="9.401"/>
  <system-out/>
</testsuite> <!-- testcases.OnCall.NavigateTreesTest -->
