<?xml version="1.0" encoding="UTF-8"?>
<!-- Generated by org.testng.reporters.JUnitReportReporter -->
<testsuite hostname="CAMBROSIAS7403" failures="0" tests="1" name="testcases.OnCall.SchedulerAssignment.AddInstructionsToGroupTest" time="62.877" errors="0" timestamp="2021-12-09T13:03:58 CST" skipped="0">
  <testcase classname="testcases.OnCall.SchedulerAssignment.AddInstructionsToGroupTest" name="testcases_OnCall_SchedulerAssignment_AddInstructionsToGroupTest" time="62.877"/>
  <system-out/>
</testsuite> <!-- testcases.OnCall.SchedulerAssignment.AddInstructionsToGroupTest -->
