<?xml version="1.0" encoding="UTF-8"?>
<!-- Generated by org.testng.reporters.JUnitReportReporter -->
<testsuite hostname="CAMBROSIAS7403" failures="0" tests="1" name="com.smartsuite.qa.testcases.OnCall.HistorySearchTest" time="9.318" errors="0" timestamp="2021-12-03T13:59:31 CST" skipped="0">
  <testcase classname="com.smartsuite.qa.testcases.OnCall.HistorySearchTest" name="globalSearch" time="9.318"/>
  <system-out/>
</testsuite> <!-- com.smartsuite.qa.testcases.OnCall.HistorySearchTest -->
