<?xml version="1.0" encoding="UTF-8"?>
<!-- Generated by org.testng.reporters.JUnitReportReporter -->
<testsuite hostname="CAMBROSIAS7403" failures="0" tests="1" name="com.smartsuite.qa.testcases.OnCall.SchedulerShowListTest" time="15.950" errors="0" timestamp="2021-12-03T14:11:59 CST" skipped="0">
  <testcase classname="com.smartsuite.qa.testcases.OnCall.SchedulerShowListTest" name="oncallSchedulerShowListTest" time="15.950"/>
  <system-out/>
</testsuite> <!-- com.smartsuite.qa.testcases.OnCall.SchedulerShowListTest -->
