<?xml version="1.0" encoding="UTF-8"?>
<!-- Generated by org.testng.reporters.JUnitReportReporter -->
<testsuite hostname="CAMBROSIAS7403" failures="0" tests="1" name="onCall.SearchTodayTabTest" time="49.441" errors="0" timestamp="2021-12-12T09:49:01 CST" skipped="0">
  <testcase classname="onCall.SearchTodayTabTest" name="testcases_OnCall_SearchTodayTabTest" time="49.441"/>
  <system-out/>
</testsuite> <!-- onCall.SearchTodayTabTest -->
