<?xml version="1.0" encoding="UTF-8"?>
<!-- Generated by org.testng.reporters.JUnitReportReporter -->
<testsuite hostname="CAMBROSIAS7403" failures="0" tests="1" name="testcases.PersonalProfile.Profile.DirectoryInfoTest" time="18.710" errors="0" timestamp="2021-12-09T11:52:45 CST" skipped="0">
  <testcase classname="testcases.PersonalProfile.Profile.DirectoryInfoTest" name="testcases_PersonalProfile_Profile_DirectoryInfoTest" time="18.710"/>
  <system-out/>
</testsuite> <!-- testcases.PersonalProfile.Profile.DirectoryInfoTest -->
