<?xml version="1.0" encoding="UTF-8"?>
<!-- Generated by org.testng.reporters.JUnitReportReporter -->
<testsuite hostname="CAMBROSIAS7403" failures="0" tests="1" name="testcases.PatientInfo.SearchTest" time="8.134" errors="0" timestamp="2021-12-09T11:52:45 CST" skipped="0">
  <testcase classname="testcases.PatientInfo.SearchTest" name="testcases_PatientInfo_SearchTest" time="8.134"/>
  <system-out/>
</testsuite> <!-- testcases.PatientInfo.SearchTest -->
