<?xml version="1.0" encoding="UTF-8"?>
<!-- Generated by org.testng.reporters.JUnitReportReporter -->
<testsuite hostname="CAMBROSIAS7403" failures="0" tests="1" name="ezNotify.CreateEZNotifyTemplateTest" time="38.484" errors="0" timestamp="2022-07-20T15:43:11 CDT" skipped="0">
  <testcase classname="ezNotify.CreateEZNotifyTemplateTest" name="testcases_DirectorySearch_DetailViewSendPageTest" time="38.484"/>
  <system-out/>
</testsuite> <!-- ezNotify.CreateEZNotifyTemplateTest -->
