<?xml version="1.0" encoding="UTF-8"?>
<!-- Generated by org.testng.reporters.JUnitReportReporter -->
<testsuite hostname="CAMBROSIAS7403" failures="0" tests="3" name="com.smartsuite.qa.testcases.AddCurrentExceptionTest" time="71.941" errors="0" timestamp="2021-12-03T14:23:27 CST" skipped="0">
  <testcase classname="com.smartsuite.qa.testcases.AddCurrentExceptionTest" name="addCurrentExceptionTest" time="24.397"/>
  <system-out/>
  <testcase classname="com.smartsuite.qa.testcases.AddCurrentExceptionTest" name="addCurrentExceptionTest" time="22.682"/>
  <system-out/>
  <testcase classname="com.smartsuite.qa.testcases.AddCurrentExceptionTest" name="addCurrentExceptionTest" time="24.862"/>
  <system-out/>
</testsuite> <!-- com.smartsuite.qa.testcases.AddCurrentExceptionTest -->
