<?xml version="1.0" encoding="UTF-8"?>
<!-- Generated by org.testng.reporters.JUnitReportReporter -->
<testsuite hostname="CAMBROSIAS7403" failures="0" tests="2" name="testcases.OnCall.BlockAssignment.CalenderNavigationTest" time="18.992" errors="0" timestamp="2021-12-09T13:03:58 CST" skipped="0">
  <testcase classname="testcases.OnCall.BlockAssignment.CalenderNavigationTest" name="testcases_OnCall_BlockAssignment_CalenderNavigationTest" time="9.537"/>
  <system-out/>
  <testcase classname="testcases.OnCall.BlockAssignment.CalenderNavigationTest" name="testcases_OnCall_BlockAssignment_CalenderNavigationTest" time="9.455"/>
  <system-out/>
</testsuite> <!-- testcases.OnCall.BlockAssignment.CalenderNavigationTest -->
