<?xml version="1.0" encoding="UTF-8"?>
<!-- Generated by org.testng.reporters.JUnitReportReporter -->
<testsuite hostname="CAMBROSIAS7403" failures="0" tests="2" name="ezNotify.RemoveRecipientsTest" time="50.241" errors="0" timestamp="2022-07-20T13:47:39 CDT" skipped="0">
  <testcase classname="ezNotify.RemoveRecipientsTest" name="testcases_ezNotify_RemoveRecipientsTest" time="22.073"/>
  <system-out/>
  <testcase classname="ezNotify.RemoveRecipientsTest" name="testcases_ezNotify_RemoveRecipientsTest" time="28.168"/>
  <system-out/>
</testsuite> <!-- ezNotify.RemoveRecipientsTest -->
