<?xml version="1.0" encoding="UTF-8"?>
<!-- Generated by org.testng.reporters.JUnitReportReporter -->
<testsuite hostname="CAMBROSIAS7403" failures="0" tests="2" name="com.smartsuite.qa.testcases.PersonalProfile.PageLogSearchTest" time="25.715" errors="0" timestamp="2021-12-03T14:47:09 CST" skipped="0">
  <testcase classname="com.smartsuite.qa.testcases.PersonalProfile.PageLogSearchTest" name="personalProfilePageLogSearchTest" time="12.106"/>
  <system-out/>
  <testcase classname="com.smartsuite.qa.testcases.PersonalProfile.PageLogSearchTest" name="personalProfilePageLogSearchTest" time="13.609"/>
  <system-out/>
</testsuite> <!-- com.smartsuite.qa.testcases.PersonalProfile.PageLogSearchTest -->
