<?xml version="1.0" encoding="UTF-8"?>
<!-- Generated by org.testng.reporters.JUnitReportReporter -->
<testsuite hostname="CAMBROSIAS7403" failures="0" tests="1" name="testcases.OnCall.SchedulerSearchTest" time="11.516" errors="0" timestamp="2021-12-05T16:45:13 CST" skipped="0">
  <testcase classname="testcases.OnCall.SchedulerSearchTest" name="globalSearch" time="11.516"/>
  <system-out/>
</testsuite> <!-- testcases.OnCall.SchedulerSearchTest -->
