<?xml version="1.0" encoding="UTF-8"?>
<!-- Generated by org.testng.reporters.JUnitReportReporter -->
<testsuite hostname="CAMBROSIAS7403" failures="0" tests="3" name="com.smartsuite.qa.testcases.PersonalProfile.SearchArchivedMessagesTest" time="51.385" errors="0" timestamp="2021-12-03T15:17:21 CST" skipped="0">
  <testcase classname="com.smartsuite.qa.testcases.PersonalProfile.SearchArchivedMessagesTest" name="personalProfileSearchArchivedMessagesTest" time="19.179"/>
  <system-out/>
  <testcase classname="com.smartsuite.qa.testcases.PersonalProfile.SearchArchivedMessagesTest" name="personalProfileSearchArchivedMessagesTest" time="16.001"/>
  <system-out/>
  <testcase classname="com.smartsuite.qa.testcases.PersonalProfile.SearchArchivedMessagesTest" name="personalProfileSearchArchivedMessagesTest" time="16.205"/>
  <system-out/>
</testsuite> <!-- com.smartsuite.qa.testcases.PersonalProfile.SearchArchivedMessagesTest -->
