<?xml version="1.0" encoding="UTF-8"?>
<!-- Generated by org.testng.reporters.JUnitReportReporter -->
<testsuite hostname="CAMBROSIAS7403" failures="0" tests="2" name="com.smartsuite.qa.testcases.PersonalProfile.PictureUploadTest" time="22.018" errors="0" timestamp="2021-12-03T14:50:41 CST" skipped="0">
  <testcase classname="com.smartsuite.qa.testcases.PersonalProfile.PictureUploadTest" name="personalProfilePageLogSearchTest" time="9.840"/>
  <system-out/>
  <testcase classname="com.smartsuite.qa.testcases.PersonalProfile.PictureUploadTest" name="personalProfilePageLogSearchTest" time="12.178"/>
  <system-out/>
</testsuite> <!-- com.smartsuite.qa.testcases.PersonalProfile.PictureUploadTest -->
