<?xml version="1.0" encoding="UTF-8"?>
<!-- Generated by org.testng.reporters.JUnitReportReporter -->
<testsuite hostname="CAMBROSIAS7403" failures="0" tests="1" name="com.smartsuite.qa.testcases.DeviceManagementSendToAllDevicesIconTest" time="42.518" errors="0" timestamp="2021-12-05T11:45:36 CST" skipped="0">
  <testcase classname="com.smartsuite.qa.testcases.DeviceManagementSendToAllDevicesIconTest" name="deviceManagementAddModifyDeleteEmailTest" time="42.518"/>
  <system-out/>
</testsuite> <!-- com.smartsuite.qa.testcases.DeviceManagementSendToAllDevicesIconTest -->
