<?xml version="1.0" encoding="UTF-8"?>
<!-- Generated by org.testng.reporters.JUnitReportReporter -->
<testsuite hostname="CAMBROSIAS7403" failures="0" tests="1" name="testcases.OnCall.CalenderAssignment.CreateModifyAndDeleteAssignmentTest" time="37.335" errors="0" timestamp="2021-12-09T13:03:58 CST" skipped="0">
  <testcase classname="testcases.OnCall.CalenderAssignment.CreateModifyAndDeleteAssignmentTest" name="testcases_OnCall_CalenderAssignment_CreateModifyAndDeleteAssignmentTest" time="37.335"/>
  <system-out/>
</testsuite> <!-- testcases.OnCall.CalenderAssignment.CreateModifyAndDeleteAssignmentTest -->
