<?xml version="1.0" encoding="UTF-8"?>
<!-- Generated by org.testng.reporters.JUnitReportReporter -->
<testsuite hostname="CAMBROSIAS7403" failures="0" tests="3" name="testcases.GlobalSearch.AdvancedSearchLinksTest" time="6.471" errors="0" timestamp="2021-12-09T13:03:58 CST" skipped="0">
  <testcase classname="testcases.GlobalSearch.AdvancedSearchLinksTest" name="testcases_GlobalSearch_AdvancedSearchLinksTest" time="2.176"/>
  <system-out/>
  <testcase classname="testcases.GlobalSearch.AdvancedSearchLinksTest" name="testcases_GlobalSearch_AdvancedSearchLinksTest" time="2.133"/>
  <system-out/>
  <testcase classname="testcases.GlobalSearch.AdvancedSearchLinksTest" name="testcases_GlobalSearch_AdvancedSearchLinksTest" time="2.162"/>
  <system-out/>
</testsuite> <!-- testcases.GlobalSearch.AdvancedSearchLinksTest -->
