<?xml version="1.0" encoding="UTF-8"?>
<!-- Generated by org.testng.reporters.JUnitReportReporter -->
<testsuite hostname="CAMBROSIAS7403" failures="0" tests="7" name="com.smartsuite.qa.testcases.DirectorySearch.SearchTest" time="91.428" errors="0" timestamp="2021-12-03T16:16:33 CST" skipped="0">
  <testcase classname="com.smartsuite.qa.testcases.DirectorySearch.SearchTest" name="directorySearchTest" time="5.299"/>
  <system-out/>
  <testcase classname="com.smartsuite.qa.testcases.DirectorySearch.SearchTest" name="directorySearchTest" time="11.306"/>
  <system-out/>
  <testcase classname="com.smartsuite.qa.testcases.DirectorySearch.SearchTest" name="directorySearchTest" time="10.830"/>
  <system-out/>
  <testcase classname="com.smartsuite.qa.testcases.DirectorySearch.SearchTest" name="directorySearchTest" time="13.666"/>
  <system-out/>
  <testcase classname="com.smartsuite.qa.testcases.DirectorySearch.SearchTest" name="directorySearchTest" time="28.567"/>
  <system-out/>
  <testcase classname="com.smartsuite.qa.testcases.DirectorySearch.SearchTest" name="directorySearchTest" time="10.794"/>
  <system-out/>
  <testcase classname="com.smartsuite.qa.testcases.DirectorySearch.SearchTest" name="directorySearchTest" time="10.966"/>
  <system-out/>
</testsuite> <!-- com.smartsuite.qa.testcases.DirectorySearch.SearchTest -->
