<?xml version="1.0" encoding="UTF-8"?>
<!-- Generated by org.testng.reporters.JUnitReportReporter -->
<testsuite hostname="CAMBROSIAS7403" failures="0" tests="4" name="com.smartsuite.qa.testcases.Paging.SearchTest" time="31.094" errors="0" timestamp="2021-12-03T15:28:20 CST" skipped="0">
  <testcase classname="com.smartsuite.qa.testcases.Paging.SearchTest" name="pagingSearchTest" time="6.962"/>
  <system-out/>
  <testcase classname="com.smartsuite.qa.testcases.Paging.SearchTest" name="pagingSearchTest" time="10.008"/>
  <system-out/>
  <testcase classname="com.smartsuite.qa.testcases.Paging.SearchTest" name="pagingSearchTest" time="6.724"/>
  <system-out/>
  <testcase classname="com.smartsuite.qa.testcases.Paging.SearchTest" name="pagingSearchTest" time="7.400"/>
  <system-out/>
</testsuite> <!-- com.smartsuite.qa.testcases.Paging.SearchTest -->
