<?xml version="1.0" encoding="UTF-8"?>
<!-- Generated by org.testng.reporters.JUnitReportReporter -->
<testsuite hostname="CAMBROSIAS7403" failures="0" tests="1" name="ezNotify.CancelAdvancedOptionsTest" time="19.038" errors="0" timestamp="2022-07-20T13:47:39 CDT" skipped="0">
  <testcase classname="ezNotify.CancelAdvancedOptionsTest" name="testcases_DirectorySearch_DetailViewSendPageTest" time="19.038"/>
  <system-out/>
</testsuite> <!-- ezNotify.CancelAdvancedOptionsTest -->
