<?xml version="1.0" encoding="UTF-8"?>
<!-- Generated by org.testng.reporters.JUnitReportReporter -->
<testsuite hostname="CAMBROSIAS7403" failures="0" tests="1" name="smartSuite.LoginTest" time="12.408" errors="0" timestamp="2021-12-10T12:28:40 CST" skipped="0">
  <testcase classname="smartSuite.LoginTest" name="testcases_LoginTest" time="12.408"/>
  <system-out/>
</testsuite> <!-- smartSuite.LoginTest -->
