<?xml version="1.0" encoding="UTF-8"?>
<!-- Generated by org.testng.reporters.JUnitReportReporter -->
<testsuite hostname="CAMBROSIAS7403" failures="0" tests="1" name="com.smartsuite.qa.testcases.DirectorySearch.DirectoryDetailViewSendPageTest" time="21.825" errors="0" timestamp="2021-12-03T16:35:01 CST" skipped="0">
  <testcase classname="com.smartsuite.qa.testcases.DirectorySearch.DirectoryDetailViewSendPageTest" name="directoryDetailViewSendPageTest" time="21.825"/>
  <system-out/>
</testsuite> <!-- com.smartsuite.qa.testcases.DirectorySearch.DirectoryDetailViewSendPageTest -->
