<?xml version="1.0" encoding="UTF-8"?>
<!-- Generated by org.testng.reporters.JUnitReportReporter -->
<testsuite hostname="CAMBROSIAS7403" failures="0" tests="3" name="com.smartsuite.qa.testcases.PersonalProfileSearchArchivedMessagesTest" time="48.775" errors="0" timestamp="2021-12-03T12:26:48 CST" skipped="0">
  <testcase classname="com.smartsuite.qa.testcases.PersonalProfileSearchArchivedMessagesTest" name="personalProfileSearchArchivedMessagesTest" time="16.418"/>
  <system-out/>
  <testcase classname="com.smartsuite.qa.testcases.PersonalProfileSearchArchivedMessagesTest" name="personalProfileSearchArchivedMessagesTest" time="16.189"/>
  <system-out/>
  <testcase classname="com.smartsuite.qa.testcases.PersonalProfileSearchArchivedMessagesTest" name="personalProfileSearchArchivedMessagesTest" time="16.168"/>
  <system-out/>
</testsuite> <!-- com.smartsuite.qa.testcases.PersonalProfileSearchArchivedMessagesTest -->
