<?xml version="1.0" encoding="UTF-8"?>
<!-- Generated by org.testng.reporters.JUnitReportReporter -->
<testsuite hostname="CAMBROSIAS7403" failures="0" tests="1" name="smartSuite.SendExternalQuickPageTest" time="16.358" errors="0" timestamp="2021-12-10T12:30:13 CST" skipped="0">
  <testcase classname="smartSuite.SendExternalQuickPageTest" name="testcases_SendExternalQuickPageTest" time="16.358"/>
  <system-out/>
</testsuite> <!-- smartSuite.SendExternalQuickPageTest -->
