<?xml version="1.0" encoding="UTF-8"?>
<!-- Generated by org.testng.reporters.JUnitReportReporter -->
<testsuite hostname="CAMBROSIAS7403" failures="0" tests="3" name="com.smartsuite.qa.testcases.AdvancedSearchLinksTest" time="15.788" errors="0" timestamp="2021-12-05T10:59:28 CST" skipped="0">
  <testcase classname="com.smartsuite.qa.testcases.AdvancedSearchLinksTest" name="globalSearch" time="7.095"/>
  <system-out/>
  <testcase classname="com.smartsuite.qa.testcases.AdvancedSearchLinksTest" name="globalSearch" time="4.578"/>
  <system-out/>
  <testcase classname="com.smartsuite.qa.testcases.AdvancedSearchLinksTest" name="globalSearch" time="4.115"/>
  <system-out/>
</testsuite> <!-- com.smartsuite.qa.testcases.AdvancedSearchLinksTest -->
