<?xml version="1.0" encoding="UTF-8"?>
<!-- Generated by org.testng.reporters.JUnitReportReporter -->
<testsuite hostname="CAMBROSIAS7403" failures="0" tests="1" name="testcases.OnCall.BlockAssignment.NonMemberSearch" time="9.291" errors="0" timestamp="2021-12-09T13:03:58 CST" skipped="0">
  <testcase classname="testcases.OnCall.BlockAssignment.NonMemberSearch" name="testcases_OnCall_BlockAssignment_NonMemberSearch" time="9.291"/>
  <system-out/>
</testsuite> <!-- testcases.OnCall.BlockAssignment.NonMemberSearch -->
