<?xml version="1.0" encoding="UTF-8"?>
<!-- Generated by org.testng.reporters.JUnitReportReporter -->
<testsuite hostname="CAMBROSIAS7403" failures="0" tests="3" name="testcases.PersonalProfile.Profile.AddCurrentExceptionTest" time="72.813" errors="0" timestamp="2021-12-09T11:52:45 CST" skipped="0">
  <testcase classname="testcases.PersonalProfile.Profile.AddCurrentExceptionTest" name="testcases_PersonalProfile_Profile_AddCurrentExceptionTest" time="24.278"/>
  <system-out/>
  <testcase classname="testcases.PersonalProfile.Profile.AddCurrentExceptionTest" name="testcases_PersonalProfile_Profile_AddCurrentExceptionTest" time="24.331"/>
  <system-out/>
  <testcase classname="testcases.PersonalProfile.Profile.AddCurrentExceptionTest" name="testcases_PersonalProfile_Profile_AddCurrentExceptionTest" time="24.204"/>
  <system-out/>
</testsuite> <!-- testcases.PersonalProfile.Profile.AddCurrentExceptionTest -->
