<?xml version="1.0" encoding="UTF-8"?>
<!-- Generated by org.testng.reporters.JUnitReportReporter -->
<testsuite hostname="CAMBROSIAS7403" failures="0" tests="2" name="com.smartsuite.qa.testcases.PersonalProfilePictureUploadTest" time="23.736" errors="0" timestamp="2021-12-03T12:26:48 CST" skipped="0">
  <testcase classname="com.smartsuite.qa.testcases.PersonalProfilePictureUploadTest" name="personalProfilePageLogSearchTest" time="12.246"/>
  <system-out/>
  <testcase classname="com.smartsuite.qa.testcases.PersonalProfilePictureUploadTest" name="personalProfilePageLogSearchTest" time="11.490"/>
  <system-out/>
</testsuite> <!-- com.smartsuite.qa.testcases.PersonalProfilePictureUploadTest -->
