<?xml version="1.0" encoding="UTF-8"?>
<!-- Generated by org.testng.reporters.JUnitReportReporter -->
<testsuite hostname="CAMBROSIAS7403" failures="0" tests="3" name="com.smartsuite.qa.testcases.GlobalSearch.AdvancedSearchLinksTest" time="15.544" errors="0" timestamp="2021-12-05T11:06:05 CST" skipped="0">
  <testcase classname="com.smartsuite.qa.testcases.GlobalSearch.AdvancedSearchLinksTest" name="globalSearch" time="6.870"/>
  <system-out/>
  <testcase classname="com.smartsuite.qa.testcases.GlobalSearch.AdvancedSearchLinksTest" name="globalSearch" time="4.593"/>
  <system-out/>
  <testcase classname="com.smartsuite.qa.testcases.GlobalSearch.AdvancedSearchLinksTest" name="globalSearch" time="4.081"/>
  <system-out/>
</testsuite> <!-- com.smartsuite.qa.testcases.GlobalSearch.AdvancedSearchLinksTest -->
