<?xml version="1.0" encoding="UTF-8"?>
<!-- Generated by org.testng.reporters.JUnitReportReporter -->
<testsuite hostname="CAMBROSIAS7403" failures="0" tests="3" name="ezNotify.CreateEventWithResponseTypesTest" time="134.886" errors="0" timestamp="2022-06-24T12:39:48 CDT" skipped="0">
  <testcase classname="ezNotify.CreateEventWithResponseTypesTest" name="testcases_ezNotify_CreateEventWithResponseTypesTest" time="44.818"/>
  <system-out/>
  <testcase classname="ezNotify.CreateEventWithResponseTypesTest" name="testcases_ezNotify_CreateEventWithResponseTypesTest" time="45.313"/>
  <system-out/>
  <testcase classname="ezNotify.CreateEventWithResponseTypesTest" name="testcases_ezNotify_CreateEventWithResponseTypesTest" time="44.755"/>
  <system-out/>
</testsuite> <!-- ezNotify.CreateEventWithResponseTypesTest -->
