<?xml version="1.0" encoding="UTF-8"?>
<!-- Generated by org.testng.reporters.JUnitReportReporter -->
<testsuite hostname="CAMBROSIAS7403" failures="0" tests="4" name="com.smartsuite.qa.testcases.PagingSearchTest" time="26.254" errors="0" timestamp="2021-12-03T12:26:48 CST" skipped="0">
  <testcase classname="com.smartsuite.qa.testcases.PagingSearchTest" name="pagingSearchTest" time="6.455"/>
  <system-out/>
  <testcase classname="com.smartsuite.qa.testcases.PagingSearchTest" name="pagingSearchTest" time="6.438"/>
  <system-out/>
  <testcase classname="com.smartsuite.qa.testcases.PagingSearchTest" name="pagingSearchTest" time="6.478"/>
  <system-out/>
  <testcase classname="com.smartsuite.qa.testcases.PagingSearchTest" name="pagingSearchTest" time="6.883"/>
  <system-out/>
</testsuite> <!-- com.smartsuite.qa.testcases.PagingSearchTest -->
