<?xml version="1.0" encoding="UTF-8"?>
<!-- Generated by org.testng.reporters.JUnitReportReporter -->
<testsuite hostname="CAMBROSIAS7403" failures="0" tests="1" name="testcases.PagingTab.CreateAndSendToPersonalMessageGroupTest" time="29.643" errors="0" timestamp="2021-12-09T11:52:45 CST" skipped="0">
  <testcase classname="testcases.PagingTab.CreateAndSendToPersonalMessageGroupTest" name="testcases_PagingTab_CreateAndSendToPersonalMessageGroupTest" time="29.643"/>
  <system-out/>
</testsuite> <!-- testcases.PagingTab.CreateAndSendToPersonalMessageGroupTest -->
