<?xml version="1.0" encoding="UTF-8"?>
<!-- Generated by org.testng.reporters.JUnitReportReporter -->
<testsuite hostname="CAMBROSIAS7403" failures="0" tests="1" name="smartSuite.QuickPageLinkTest" time="23.653" errors="0" timestamp="2021-12-10T12:29:33 CST" skipped="0">
  <testcase classname="smartSuite.QuickPageLinkTest" name="testcases_QuickPageLinkTest" time="23.653"/>
  <system-out/>
</testsuite> <!-- smartSuite.QuickPageLinkTest -->
