<?xml version="1.0" encoding="UTF-8"?>
<!-- Generated by org.testng.reporters.JUnitReportReporter -->
<testsuite hostname="CAMBROSIAS7403" failures="0" tests="2" name="testcases.PersonalProfile.SentItems.PageLogSearchTest" time="26.416" errors="0" timestamp="2021-12-09T11:52:45 CST" skipped="0">
  <testcase classname="testcases.PersonalProfile.SentItems.PageLogSearchTest" name="testcases_PersonalProfile_SentItems_PageLogSearchTest" time="13.244"/>
  <system-out/>
  <testcase classname="testcases.PersonalProfile.SentItems.PageLogSearchTest" name="testcases_PersonalProfile_SentItems_PageLogSearchTest" time="13.172"/>
  <system-out/>
</testsuite> <!-- testcases.PersonalProfile.SentItems.PageLogSearchTest -->
