<?xml version="1.0" encoding="UTF-8"?>
<!-- Generated by org.testng.reporters.JUnitReportReporter -->
<testsuite hostname="CAMBROSIAS7403" failures="0" tests="1" name="com.smartsuite.qa.testcases.DirectorySearch.SendPageTest" time="13.766" errors="0" timestamp="2021-12-03T16:33:31 CST" skipped="0">
  <testcase classname="com.smartsuite.qa.testcases.DirectorySearch.SendPageTest" name="messageInboxTest" time="13.766"/>
  <system-out/>
</testsuite> <!-- com.smartsuite.qa.testcases.DirectorySearch.SendPageTest -->
