<?xml version="1.0" encoding="UTF-8"?>
<!-- Generated by org.testng.reporters.JUnitReportReporter -->
<testsuite hostname="CAMBROSIAS7403" failures="0" tests="2" name="testcases.PersonalProfile.AddModifyDeleteInstructionsTest" time="39.634" errors="0" timestamp="2021-12-05T12:07:07 CST" skipped="0">
  <testcase classname="testcases.PersonalProfile.AddModifyDeleteInstructionsTest" name="personalProfilePageLogSearchTest" time="23.308"/>
  <system-out/>
  <testcase classname="testcases.PersonalProfile.AddModifyDeleteInstructionsTest" name="personalProfilePageLogSearchTest" time="16.326"/>
  <system-out/>
</testsuite> <!-- testcases.PersonalProfile.AddModifyDeleteInstructionsTest -->
