<?xml version="1.0" encoding="UTF-8"?>
<!-- Generated by org.testng.reporters.JUnitReportReporter -->
<testsuite hostname="CAMBROSIAS7403" failures="0" tests="1" name="directorySearch.encryptDecrypt2" time="0.008" errors="0" timestamp="2022-01-21T15:28:40 CST" skipped="0">
  <testcase classname="directorySearch.encryptDecrypt2" name="main" time="0.008"/>
  <system-out/>
</testsuite> <!-- directorySearch.encryptDecrypt2 -->
