<?xml version="1.0" encoding="UTF-8"?>
<!-- Generated by org.testng.reporters.JUnitReportReporter -->
<testsuite hostname="CAMBROSIAS7403" failures="0" tests="1" name="smartSuite.TopRightSearchBarTest" time="5.727" errors="0" timestamp="2021-12-10T12:31:05 CST" skipped="0">
  <testcase classname="smartSuite.TopRightSearchBarTest" name="testcases_TopRightSearchBarTest" time="5.727"/>
  <system-out/>
</testsuite> <!-- smartSuite.TopRightSearchBarTest -->
