<?xml version="1.0" encoding="UTF-8"?>
<!-- Generated by org.testng.reporters.JUnitReportReporter -->
<testsuite hostname="CAMBROSIAS7403" failures="0" tests="1" name="testcases.PersonalProfile.AddOncallGroupTest" time="41.786" errors="0" timestamp="2021-12-05T12:44:59 CST" skipped="0">
  <testcase classname="testcases.PersonalProfile.AddOncallGroupTest" name="personalProfilePageLogSearchTest" time="41.786"/>
  <system-out/>
</testsuite> <!-- testcases.PersonalProfile.AddOncallGroupTest -->
