<?xml version="1.0" encoding="UTF-8"?>
<!-- Generated by org.testng.reporters.JUnitReportReporter -->
<testsuite hostname="CAMBROSIAS7403" failures="0" tests="4" name="testcases.PagingTab.SearchTest" time="21.963" errors="0" timestamp="2021-12-09T11:52:45 CST" skipped="0">
  <testcase classname="testcases.PagingTab.SearchTest" name="testcases_PagingTab_SearchTest" time="5.262"/>
  <system-out/>
  <testcase classname="testcases.PagingTab.SearchTest" name="testcases_PagingTab_SearchTest" time="5.546"/>
  <system-out/>
  <testcase classname="testcases.PagingTab.SearchTest" name="testcases_PagingTab_SearchTest" time="5.672"/>
  <system-out/>
  <testcase classname="testcases.PagingTab.SearchTest" name="testcases_PagingTab_SearchTest" time="5.483"/>
  <system-out/>
</testsuite> <!-- testcases.PagingTab.SearchTest -->
