<?xml version="1.0" encoding="UTF-8"?>
<!-- Generated by org.testng.reporters.JUnitReportReporter -->
<testsuite hostname="CAMBROSIAS7403" failures="0" tests="3" name="testcases.PersonalProfile.Inbox.SearchActiveMessagesTest" time="66.845" errors="0" timestamp="2021-12-09T11:52:45 CST" skipped="0">
  <testcase classname="testcases.PersonalProfile.Inbox.SearchActiveMessagesTest" name="testcases_PersonalProfile_Inbox_SearchActiveMessagesTest" time="24.004"/>
  <system-out/>
  <testcase classname="testcases.PersonalProfile.Inbox.SearchActiveMessagesTest" name="testcases_PersonalProfile_Inbox_SearchActiveMessagesTest" time="24.207"/>
  <system-out/>
  <testcase classname="testcases.PersonalProfile.Inbox.SearchActiveMessagesTest" name="testcases_PersonalProfile_Inbox_SearchActiveMessagesTest" time="18.634"/>
  <system-out/>
</testsuite> <!-- testcases.PersonalProfile.Inbox.SearchActiveMessagesTest -->
