<?xml version="1.0" encoding="UTF-8"?>
<!-- Generated by org.testng.reporters.JUnitReportReporter -->
<testsuite hostname="CAMBROSIAS7403" failures="0" tests="12" name="com.smartsuite.qa.testcases.GlobalSearch.SearchTest" time="67.175" errors="0" timestamp="2021-12-03T16:41:27 CST" skipped="0">
  <testcase classname="com.smartsuite.qa.testcases.GlobalSearch.SearchTest" name="globalSearchTest" time="2.316"/>
  <system-out/>
  <testcase classname="com.smartsuite.qa.testcases.GlobalSearch.SearchTest" name="globalSearchTest" time="18.218"/>
  <system-out/>
  <testcase classname="com.smartsuite.qa.testcases.GlobalSearch.SearchTest" name="globalSearchTest" time="2.373"/>
  <system-out/>
  <testcase classname="com.smartsuite.qa.testcases.GlobalSearch.SearchTest" name="globalSearchTest" time="2.580"/>
  <system-out/>
  <testcase classname="com.smartsuite.qa.testcases.GlobalSearch.SearchTest" name="globalSearchTest" time="4.591"/>
  <system-out/>
  <testcase classname="com.smartsuite.qa.testcases.GlobalSearch.SearchTest" name="globalSearchTest" time="2.381"/>
  <system-out/>
  <testcase classname="com.smartsuite.qa.testcases.GlobalSearch.SearchTest" name="globalSearchTest" time="2.300"/>
  <system-out/>
  <testcase classname="com.smartsuite.qa.testcases.GlobalSearch.SearchTest" name="globalSearchTest" time="5.496"/>
  <system-out/>
  <testcase classname="com.smartsuite.qa.testcases.GlobalSearch.SearchTest" name="globalSearchTest" time="2.230"/>
  <system-out/>
  <testcase classname="com.smartsuite.qa.testcases.GlobalSearch.SearchTest" name="globalSearchTest" time="2.194"/>
  <system-out/>
  <testcase classname="com.smartsuite.qa.testcases.GlobalSearch.SearchTest" name="globalSearchTest" time="20.112"/>
  <system-out/>
  <testcase classname="com.smartsuite.qa.testcases.GlobalSearch.SearchTest" name="globalSearchTest" time="2.384"/>
  <system-out/>
</testsuite> <!-- com.smartsuite.qa.testcases.GlobalSearch.SearchTest -->
