<?xml version="1.0" encoding="UTF-8"?>
<!-- Generated by org.testng.reporters.JUnitReportReporter -->
<testsuite hostname="CAMBROSIAS7403" failures="0" tests="1" name="testcases.PersonalProfile.Profile.AddFutureExceptionTest" time="25.357" errors="0" timestamp="2021-12-09T11:52:45 CST" skipped="0">
  <testcase classname="testcases.PersonalProfile.Profile.AddFutureExceptionTest" name="testcases_PersonalProfile_Profile_AddFutureExceptionTest" time="25.357"/>
  <system-out/>
</testsuite> <!-- testcases.PersonalProfile.Profile.AddFutureExceptionTest -->
